0 info it worked if it ends with ok
1 verbose cli [ '/usr/bin/node', '/usr/bin/npm', 'run', 'build' ]
2 info using npm@6.13.4
3 info using node@v10.19.0
4 verbose run-script [ 'prebuild', 'build', 'postbuild' ]
5 info lifecycle frontend@0.1.0~prebuild: frontend@0.1.0
6 info lifecycle frontend@0.1.0~build: frontend@0.1.0
7 verbose lifecycle frontend@0.1.0~build: unsafe-perm in lifecycle true
8 verbose lifecycle frontend@0.1.0~build: PATH: /usr/lib/node_modules/npm/node_modules/npm-lifecycle/node-gyp-bin:/root/frontend/node_modules/.bin:/usr/local/sbin:/usr/local/bin:/usr/sbin:/usr/bin:/root/bin
9 verbose lifecycle frontend@0.1.0~build: CWD: /root/frontend
10 silly lifecycle frontend@0.1.0~build: Args: [ '-c', 'react-scripts build' ]
11 info lifecycle frontend@0.1.0~build: Failed to exec build script
12 verbose stack Error: frontend@0.1.0 build: `react-scripts build`
12 verbose stack spawn ENOENT
12 verbose stack     at ChildProcess.<anonymous> (/usr/lib/node_modules/npm/node_modules/npm-lifecycle/lib/spawn.js:48:18)
12 verbose stack     at ChildProcess.emit (events.js:198:13)
12 verbose stack     at maybeClose (internal/child_process.js:982:16)
12 verbose stack     at Process.ChildProcess._handle.onexit (internal/child_process.js:259:5)
13 verbose pkgid frontend@0.1.0
14 verbose cwd /root/frontend
15 verbose Linux 3.10.0-862.11.6.el7.x86_64
16 verbose argv "/usr/bin/node" "/usr/bin/npm" "run" "build"
17 verbose node v10.19.0
18 verbose npm  v6.13.4
19 error code ELIFECYCLE
20 error syscall spawn
21 error file sh
22 error errno ENOENT
23 error frontend@0.1.0 build: `react-scripts build`
23 error spawn ENOENT
24 error Failed at the frontend@0.1.0 build script.
24 error This is probably not a problem with npm. There is likely additional logging output above.
25 verbose exit [ 1, true ]
